[0.014s] Invoking command in '/home/pat/dev_ws/src/pat_bot/build/pat_bot': CMAKE_PREFIX_PATH=${CMAKE_PREFIX_PATH}:/opt/ros/foxy /usr/bin/cmake /home/pat/dev_ws/src/pat_bot -DAMENT_CMAKE_SYMLINK_INSTALL=1 -DCMAKE_INSTALL_PREFIX=/home/pat/dev_ws/src/pat_bot/install/pat_bot
[0.074s] -- The C compiler identification is GNU 9.4.0
[0.132s] -- The CXX compiler identification is GNU 9.4.0
[0.137s] -- Check for working C compiler: /usr/bin/cc
[0.209s] -- Check for working C compiler: /usr/bin/cc -- works
[0.210s] -- Detecting C compiler ABI info
[0.280s] -- Detecting C compiler ABI info - done
[0.292s] -- Detecting C compile features
[0.292s] -- Detecting C compile features - done
[0.295s] -- Check for working CXX compiler: /usr/bin/c++
[0.378s] -- Check for working CXX compiler: /usr/bin/c++ -- works
[0.379s] -- Detecting CXX compiler ABI info
[0.481s] -- Detecting CXX compiler ABI info - done
[0.488s] -- Detecting CXX compile features
[0.488s] -- Detecting CXX compile features - done
[0.491s] -- Found ament_cmake: 0.9.11 (/opt/ros/foxy/share/ament_cmake/cmake)
[0.523s] -- Found PythonInterp: /usr/bin/python3 (found suitable version "3.8.10", minimum required is "3") 
[0.523s] -- Using PYTHON_EXECUTABLE: /usr/bin/python3
[0.704s] -- Override CMake install command with custom implementation using symlinks instead of copying resources
[0.727s] -- Found ament_lint_auto: 0.9.7 (/opt/ros/foxy/share/ament_lint_auto/cmake)
[0.799s] -- Added test 'copyright' to check source files copyright and LICENSE
[0.808s] -- Added test 'cppcheck' to perform static code analysis on C / C++ code
[0.808s] -- Configured cppcheck include dirs: 
[0.809s] -- Configured cppcheck exclude dirs and/or files: 
[0.817s] -- Added test 'cpplint' to check C / C++ code against the Google style
[0.817s] -- Configured cpplint exclude dirs and/or files: 
[0.818s] -- Added test 'flake8' to check Python code syntax and style conventions
[0.821s] -- Added test 'lint_cmake' to check CMake code style
[0.822s] -- Added test 'pep257' to check Python code against some of the style conventions in PEP 257
[0.831s] -- Added test 'uncrustify' to check C / C++ code style
[0.831s] -- Configured uncrustify additional arguments: 
[0.833s] -- Added test 'xmllint' to check XML markup files
[0.836s] -- Configuring done
[0.838s] -- Generating done
[0.839s] -- Build files have been written to: /home/pat/dev_ws/src/pat_bot/build/pat_bot
[0.842s] Invoked command in '/home/pat/dev_ws/src/pat_bot/build/pat_bot' returned '0': CMAKE_PREFIX_PATH=${CMAKE_PREFIX_PATH}:/opt/ros/foxy /usr/bin/cmake /home/pat/dev_ws/src/pat_bot -DAMENT_CMAKE_SYMLINK_INSTALL=1 -DCMAKE_INSTALL_PREFIX=/home/pat/dev_ws/src/pat_bot/install/pat_bot
[0.846s] Invoking command in '/home/pat/dev_ws/src/pat_bot/build/pat_bot': CMAKE_PREFIX_PATH=${CMAKE_PREFIX_PATH}:/opt/ros/foxy /usr/bin/cmake --build /home/pat/dev_ws/src/pat_bot/build/pat_bot -- -j4 -l4
[0.886s] Invoked command in '/home/pat/dev_ws/src/pat_bot/build/pat_bot' returned '0': CMAKE_PREFIX_PATH=${CMAKE_PREFIX_PATH}:/opt/ros/foxy /usr/bin/cmake --build /home/pat/dev_ws/src/pat_bot/build/pat_bot -- -j4 -l4
[0.919s] Invoking command in '/home/pat/dev_ws/src/pat_bot/build/pat_bot': CMAKE_PREFIX_PATH=${CMAKE_PREFIX_PATH}:/opt/ros/foxy /usr/bin/cmake --install /home/pat/dev_ws/src/pat_bot/build/pat_bot
[0.928s] -- Install configuration: ""
[0.929s] -- Execute custom install script
[0.929s] -- Symlinking: /home/pat/dev_ws/src/pat_bot/install/pat_bot/share/pat_bot/config/empty.yaml
[0.939s] -- Symlinking: /home/pat/dev_ws/src/pat_bot/install/pat_bot/share/pat_bot/description/robot.urdf.xacro
[0.949s] -- Symlinking: /home/pat/dev_ws/src/pat_bot/install/pat_bot/share/pat_bot/description/robot_core.xacro
[0.958s] -- Symlinking: /home/pat/dev_ws/src/pat_bot/install/pat_bot/share/pat_bot/launch/rsp.launch.py
[0.967s] -- Symlinking: /home/pat/dev_ws/src/pat_bot/install/pat_bot/share/pat_bot/worlds/empty.world
[0.978s] -- Symlinking: /home/pat/dev_ws/src/pat_bot/install/pat_bot/share/ament_index/resource_index/package_run_dependencies/pat_bot
[0.987s] -- Symlinking: /home/pat/dev_ws/src/pat_bot/install/pat_bot/share/ament_index/resource_index/parent_prefix_path/pat_bot
[0.996s] -- Symlinking: /home/pat/dev_ws/src/pat_bot/install/pat_bot/share/pat_bot/environment/ament_prefix_path.sh
[1.006s] -- Symlinking: /home/pat/dev_ws/src/pat_bot/install/pat_bot/share/pat_bot/environment/ament_prefix_path.dsv
[1.015s] -- Symlinking: /home/pat/dev_ws/src/pat_bot/install/pat_bot/share/pat_bot/environment/path.sh
[1.032s] -- Symlinking: /home/pat/dev_ws/src/pat_bot/install/pat_bot/share/pat_bot/environment/path.dsv
[1.043s] -- Symlinking: /home/pat/dev_ws/src/pat_bot/install/pat_bot/share/pat_bot/local_setup.bash
[1.053s] -- Symlinking: /home/pat/dev_ws/src/pat_bot/install/pat_bot/share/pat_bot/local_setup.sh
[1.062s] -- Symlinking: /home/pat/dev_ws/src/pat_bot/install/pat_bot/share/pat_bot/local_setup.zsh
[1.072s] -- Symlinking: /home/pat/dev_ws/src/pat_bot/install/pat_bot/share/pat_bot/local_setup.dsv
[1.081s] -- Symlinking: /home/pat/dev_ws/src/pat_bot/install/pat_bot/share/pat_bot/package.dsv
[1.090s] -- Symlinking: /home/pat/dev_ws/src/pat_bot/install/pat_bot/share/ament_index/resource_index/packages/pat_bot
[1.099s] -- Symlinking: /home/pat/dev_ws/src/pat_bot/install/pat_bot/share/pat_bot/cmake/pat_botConfig.cmake
[1.108s] -- Symlinking: /home/pat/dev_ws/src/pat_bot/install/pat_bot/share/pat_bot/cmake/pat_botConfig-version.cmake
[1.117s] -- Symlinking: /home/pat/dev_ws/src/pat_bot/install/pat_bot/share/pat_bot/package.xml
[1.130s] Invoked command in '/home/pat/dev_ws/src/pat_bot/build/pat_bot' returned '0': CMAKE_PREFIX_PATH=${CMAKE_PREFIX_PATH}:/opt/ros/foxy /usr/bin/cmake --install /home/pat/dev_ws/src/pat_bot/build/pat_bot
