[0.372s] DEBUG:colcon:Command line arguments: ['/usr/bin/colcon', 'build', '--symlink-install']
[0.372s] DEBUG:colcon:Parsed command line arguments: Namespace(allow_overriding=[], ament_cmake_args=None, base_paths=['.'], build_base='build', catkin_cmake_args=None, catkin_skip_building_tests=False, cmake_args=None, cmake_clean_cache=False, cmake_clean_first=False, cmake_force_configure=False, cmake_target=None, cmake_target_skip_unavailable=False, continue_on_error=False, event_handlers=None, executor='parallel', ignore_user_meta=False, install_base='install', log_base=None, log_level=None, main=<bound method BuildVerb.main of <colcon_core.verb.build.BuildVerb object at 0x7f2db6fc8280>>, merge_install=False, metas=['./colcon.meta'], packages_above=None, packages_above_and_dependencies=None, packages_above_depth=None, packages_end=None, packages_ignore=None, packages_ignore_regex=None, packages_select=None, packages_select_build_failed=False, packages_select_by_dep=None, packages_select_regex=None, packages_select_test_failures=False, packages_skip=None, packages_skip_build_finished=False, packages_skip_by_dep=None, packages_skip_regex=None, packages_skip_test_passed=False, packages_skip_up_to=None, packages_start=None, packages_up_to=None, packages_up_to_regex=None, parallel_workers=4, paths=None, symlink_install=True, test_result_base=None, verb_extension=<colcon_core.verb.build.BuildVerb object at 0x7f2db6fc8280>, verb_name='build', verb_parser=<colcon_defaults.argument_parser.defaults.DefaultArgumentsDecorator object at 0x7f2db6fc87c0>)
[0.417s] Level 1:colcon.colcon_core.package_discovery:discover_packages(colcon_meta) check parameters
[0.417s] Level 1:colcon.colcon_core.package_discovery:discover_packages(recursive) check parameters
[0.417s] Level 1:colcon.colcon_core.package_discovery:discover_packages(ignore) check parameters
[0.417s] Level 1:colcon.colcon_core.package_discovery:discover_packages(path) check parameters
[0.417s] Level 1:colcon.colcon_core.package_discovery:discover_packages(colcon_meta) discover
[0.418s] Level 1:colcon.colcon_core.package_discovery:discover_packages(recursive) discover
[0.418s] INFO:colcon.colcon_core.package_discovery:Crawling recursively for packages in '/home/pat/dev_ws/src/pat_bot'
[0.418s] Level 1:colcon.colcon_core.package_identification:_identify(.) by extensions ['ignore', 'ignore_ament_install']
[0.418s] Level 1:colcon.colcon_core.package_identification:_identify(.) by extension 'ignore'
[0.418s] Level 1:colcon.colcon_core.package_identification:_identify(.) by extension 'ignore_ament_install'
[0.418s] Level 1:colcon.colcon_core.package_identification:_identify(.) by extensions ['colcon_pkg']
[0.418s] Level 1:colcon.colcon_core.package_identification:_identify(.) by extension 'colcon_pkg'
[0.418s] Level 1:colcon.colcon_core.package_identification:_identify(.) by extensions ['colcon_meta']
[0.418s] Level 1:colcon.colcon_core.package_identification:_identify(.) by extension 'colcon_meta'
[0.418s] Level 1:colcon.colcon_core.package_identification:_identify(.) by extensions ['ros']
[0.418s] Level 1:colcon.colcon_core.package_identification:_identify(.) by extension 'ros'
[0.442s] DEBUG:colcon.colcon_core.package_identification:Package '.' with type 'ros.ament_cmake' and name 'pat_bot'
[0.442s] Level 1:colcon.colcon_core.package_discovery:discover_packages(recursive) using defaults
[0.442s] Level 1:colcon.colcon_core.package_discovery:discover_packages(ignore) discover
[0.442s] Level 1:colcon.colcon_core.package_discovery:discover_packages(ignore) using defaults
[0.442s] Level 1:colcon.colcon_core.package_discovery:discover_packages(path) discover
[0.443s] Level 1:colcon.colcon_core.package_discovery:discover_packages(path) using defaults
[0.470s] Level 1:colcon.colcon_core.package_discovery:discover_packages(prefix_path) check parameters
[0.470s] Level 1:colcon.colcon_core.package_discovery:discover_packages(prefix_path) discover
[0.474s] DEBUG:colcon.colcon_installed_package_information.package_discovery:Found 1 installed packages in /home/pat/dev_ws/src/pat_bot/install
[0.475s] DEBUG:colcon.colcon_installed_package_information.package_discovery:Found 1 installed packages in /home/pat/dev_ws/install
[0.478s] DEBUG:colcon.colcon_installed_package_information.package_discovery:Found 344 installed packages in /opt/ros/foxy
[0.480s] Level 1:colcon.colcon_core.package_discovery:discover_packages(prefix_path) using defaults
[0.572s] Level 5:colcon.colcon_core.verb:set package 'pat_bot' build argument 'cmake_args' from command line to 'None'
[0.572s] Level 5:colcon.colcon_core.verb:set package 'pat_bot' build argument 'cmake_target' from command line to 'None'
[0.572s] Level 5:colcon.colcon_core.verb:set package 'pat_bot' build argument 'cmake_target_skip_unavailable' from command line to 'False'
[0.572s] Level 5:colcon.colcon_core.verb:set package 'pat_bot' build argument 'cmake_clean_cache' from command line to 'False'
[0.572s] Level 5:colcon.colcon_core.verb:set package 'pat_bot' build argument 'cmake_clean_first' from command line to 'False'
[0.572s] Level 5:colcon.colcon_core.verb:set package 'pat_bot' build argument 'cmake_force_configure' from command line to 'False'
[0.572s] Level 5:colcon.colcon_core.verb:set package 'pat_bot' build argument 'ament_cmake_args' from command line to 'None'
[0.572s] Level 5:colcon.colcon_core.verb:set package 'pat_bot' build argument 'catkin_cmake_args' from command line to 'None'
[0.572s] Level 5:colcon.colcon_core.verb:set package 'pat_bot' build argument 'catkin_skip_building_tests' from command line to 'False'
[0.572s] DEBUG:colcon.colcon_core.verb:Building package 'pat_bot' with the following arguments: {'ament_cmake_args': None, 'build_base': '/home/pat/dev_ws/src/pat_bot/build/pat_bot', 'catkin_cmake_args': None, 'catkin_skip_building_tests': False, 'cmake_args': None, 'cmake_clean_cache': False, 'cmake_clean_first': False, 'cmake_force_configure': False, 'cmake_target': None, 'cmake_target_skip_unavailable': False, 'install_base': '/home/pat/dev_ws/src/pat_bot/install/pat_bot', 'merge_install': False, 'path': '/home/pat/dev_ws/src/pat_bot', 'symlink_install': True, 'test_result_base': None}
[0.573s] INFO:colcon.colcon_core.executor:Executing jobs using 'parallel' executor
[0.577s] DEBUG:colcon.colcon_parallel_executor.executor.parallel:run_until_complete
[0.577s] INFO:colcon.colcon_ros.task.ament_cmake.build:Building ROS package in '/home/pat/dev_ws/src/pat_bot' with build type 'ament_cmake'
[0.577s] INFO:colcon.colcon_cmake.task.cmake.build:Building CMake package in '/home/pat/dev_ws/src/pat_bot'
[0.586s] INFO:colcon.colcon_core.plugin_system:Skipping extension 'colcon_core.shell.bat': Not used on non-Windows systems
[0.586s] INFO:colcon.colcon_core.shell:Skip shell extension 'powershell' for command environment: Not usable outside of PowerShell
[0.586s] DEBUG:colcon.colcon_core.shell:Skip shell extension 'dsv' for command environment
[0.610s] DEBUG:colcon.colcon_core.event_handler.log_command:Invoking command in '/home/pat/dev_ws/src/pat_bot/build/pat_bot': CMAKE_PREFIX_PATH=${CMAKE_PREFIX_PATH}:/opt/ros/foxy /usr/bin/cmake --build /home/pat/dev_ws/src/pat_bot/build/pat_bot -- -j4 -l4
[0.687s] DEBUG:colcon.colcon_core.event_handler.log_command:Invoked command in '/home/pat/dev_ws/src/pat_bot/build/pat_bot' returned '0': CMAKE_PREFIX_PATH=${CMAKE_PREFIX_PATH}:/opt/ros/foxy /usr/bin/cmake --build /home/pat/dev_ws/src/pat_bot/build/pat_bot -- -j4 -l4
[0.727s] DEBUG:colcon.colcon_core.event_handler.log_command:Invoking command in '/home/pat/dev_ws/src/pat_bot/build/pat_bot': CMAKE_PREFIX_PATH=${CMAKE_PREFIX_PATH}:/opt/ros/foxy /usr/bin/cmake --install /home/pat/dev_ws/src/pat_bot/build/pat_bot
[0.929s] Level 1:colcon.colcon_core.environment:create_environment_scripts_only(pat_bot)
[0.930s] DEBUG:colcon.colcon_core.event_handler.log_command:Invoked command in '/home/pat/dev_ws/src/pat_bot/build/pat_bot' returned '0': CMAKE_PREFIX_PATH=${CMAKE_PREFIX_PATH}:/opt/ros/foxy /usr/bin/cmake --install /home/pat/dev_ws/src/pat_bot/build/pat_bot
[0.939s] Level 1:colcon.colcon_core.environment:checking '/home/pat/dev_ws/src/pat_bot/install/pat_bot' for CMake module files
[0.940s] Level 1:colcon.colcon_core.environment:checking '/home/pat/dev_ws/src/pat_bot/install/pat_bot' for CMake config files
[0.941s] Level 1:colcon.colcon_core.shell:create_environment_hook('pat_bot', 'cmake_prefix_path')
[0.942s] INFO:colcon.colcon_core.shell:Creating environment hook '/home/pat/dev_ws/src/pat_bot/install/pat_bot/share/pat_bot/hook/cmake_prefix_path.ps1'
[0.943s] INFO:colcon.colcon_core.shell:Creating environment descriptor '/home/pat/dev_ws/src/pat_bot/install/pat_bot/share/pat_bot/hook/cmake_prefix_path.dsv'
[0.944s] INFO:colcon.colcon_core.shell:Creating environment hook '/home/pat/dev_ws/src/pat_bot/install/pat_bot/share/pat_bot/hook/cmake_prefix_path.sh'
[0.945s] Level 1:colcon.colcon_core.environment:checking '/home/pat/dev_ws/src/pat_bot/install/pat_bot/bin'
[0.945s] Level 1:colcon.colcon_core.environment:checking '/home/pat/dev_ws/src/pat_bot/install/pat_bot/lib/pkgconfig/pat_bot.pc'
[0.945s] Level 1:colcon.colcon_core.environment:checking '/home/pat/dev_ws/src/pat_bot/install/pat_bot/lib/python3.8/site-packages'
[0.945s] Level 1:colcon.colcon_core.environment:checking '/home/pat/dev_ws/src/pat_bot/install/pat_bot/bin'
[0.947s] INFO:colcon.colcon_core.shell:Creating package script '/home/pat/dev_ws/src/pat_bot/install/pat_bot/share/pat_bot/package.ps1'
[0.948s] INFO:colcon.colcon_core.shell:Creating package descriptor '/home/pat/dev_ws/src/pat_bot/install/pat_bot/share/pat_bot/package.dsv'
[0.948s] INFO:colcon.colcon_core.shell:Creating package script '/home/pat/dev_ws/src/pat_bot/install/pat_bot/share/pat_bot/package.sh'
[0.949s] INFO:colcon.colcon_core.shell:Creating package script '/home/pat/dev_ws/src/pat_bot/install/pat_bot/share/pat_bot/package.bash'
[0.950s] INFO:colcon.colcon_core.shell:Creating package script '/home/pat/dev_ws/src/pat_bot/install/pat_bot/share/pat_bot/package.zsh'
[0.951s] Level 1:colcon.colcon_core.environment:create_file_with_runtime_dependencies(/home/pat/dev_ws/src/pat_bot/install/pat_bot/share/colcon-core/packages/pat_bot)
[0.974s] Level 1:colcon.colcon_core.environment:create_environment_scripts_only(pat_bot)
[0.977s] Level 1:colcon.colcon_core.environment:checking '/home/pat/dev_ws/src/pat_bot/install/pat_bot' for CMake module files
[0.978s] Level 1:colcon.colcon_core.environment:checking '/home/pat/dev_ws/src/pat_bot/install/pat_bot' for CMake config files
[0.979s] Level 1:colcon.colcon_core.shell:create_environment_hook('pat_bot', 'cmake_prefix_path')
[0.980s] INFO:colcon.colcon_core.shell:Creating environment hook '/home/pat/dev_ws/src/pat_bot/install/pat_bot/share/pat_bot/hook/cmake_prefix_path.ps1'
[0.981s] INFO:colcon.colcon_core.shell:Creating environment descriptor '/home/pat/dev_ws/src/pat_bot/install/pat_bot/share/pat_bot/hook/cmake_prefix_path.dsv'
[0.982s] INFO:colcon.colcon_core.shell:Creating environment hook '/home/pat/dev_ws/src/pat_bot/install/pat_bot/share/pat_bot/hook/cmake_prefix_path.sh'
[0.982s] Level 1:colcon.colcon_core.environment:checking '/home/pat/dev_ws/src/pat_bot/install/pat_bot/bin'
[0.982s] Level 1:colcon.colcon_core.environment:checking '/home/pat/dev_ws/src/pat_bot/install/pat_bot/lib/pkgconfig/pat_bot.pc'
[0.983s] Level 1:colcon.colcon_core.environment:checking '/home/pat/dev_ws/src/pat_bot/install/pat_bot/lib/python3.8/site-packages'
[0.983s] Level 1:colcon.colcon_core.environment:checking '/home/pat/dev_ws/src/pat_bot/install/pat_bot/bin'
[0.985s] INFO:colcon.colcon_core.shell:Creating package script '/home/pat/dev_ws/src/pat_bot/install/pat_bot/share/pat_bot/package.ps1'
[0.985s] INFO:colcon.colcon_core.shell:Creating package descriptor '/home/pat/dev_ws/src/pat_bot/install/pat_bot/share/pat_bot/package.dsv'
[0.986s] INFO:colcon.colcon_core.shell:Creating package script '/home/pat/dev_ws/src/pat_bot/install/pat_bot/share/pat_bot/package.sh'
[0.986s] INFO:colcon.colcon_core.shell:Creating package script '/home/pat/dev_ws/src/pat_bot/install/pat_bot/share/pat_bot/package.bash'
[0.987s] INFO:colcon.colcon_core.shell:Creating package script '/home/pat/dev_ws/src/pat_bot/install/pat_bot/share/pat_bot/package.zsh'
[0.987s] Level 1:colcon.colcon_core.environment:create_file_with_runtime_dependencies(/home/pat/dev_ws/src/pat_bot/install/pat_bot/share/colcon-core/packages/pat_bot)
[0.988s] DEBUG:colcon.colcon_parallel_executor.executor.parallel:closing loop
[0.988s] DEBUG:colcon.colcon_parallel_executor.executor.parallel:loop closed
[0.988s] DEBUG:colcon.colcon_parallel_executor.executor.parallel:run_until_complete finished with '0'
[0.988s] DEBUG:colcon.colcon_core.event_reactor:joining thread
[0.995s] INFO:colcon.colcon_core.plugin_system:Skipping extension 'colcon_notification.desktop_notification.terminal_notifier': Not used on non-Darwin systems
[0.995s] INFO:colcon.colcon_core.plugin_system:Skipping extension 'colcon_notification.desktop_notification.win32': Not used on non-Windows systems
[0.995s] INFO:colcon.colcon_notification.desktop_notification:Sending desktop notification using 'notify2'
[1.022s] DEBUG:colcon.colcon_core.event_reactor:joined thread
[1.024s] INFO:colcon.colcon_core.shell:Creating prefix script '/home/pat/dev_ws/src/pat_bot/install/local_setup.ps1'
[1.026s] INFO:colcon.colcon_core.shell:Creating prefix util module '/home/pat/dev_ws/src/pat_bot/install/_local_setup_util_ps1.py'
[1.027s] INFO:colcon.colcon_core.shell:Creating prefix chain script '/home/pat/dev_ws/src/pat_bot/install/setup.ps1'
[1.030s] INFO:colcon.colcon_core.shell:Creating prefix script '/home/pat/dev_ws/src/pat_bot/install/local_setup.sh'
[1.030s] INFO:colcon.colcon_core.shell:Creating prefix util module '/home/pat/dev_ws/src/pat_bot/install/_local_setup_util_sh.py'
[1.031s] INFO:colcon.colcon_core.shell:Creating prefix chain script '/home/pat/dev_ws/src/pat_bot/install/setup.sh'
[1.033s] INFO:colcon.colcon_core.shell:Creating prefix script '/home/pat/dev_ws/src/pat_bot/install/local_setup.bash'
[1.033s] INFO:colcon.colcon_core.shell:Creating prefix chain script '/home/pat/dev_ws/src/pat_bot/install/setup.bash'
[1.035s] INFO:colcon.colcon_core.shell:Creating prefix script '/home/pat/dev_ws/src/pat_bot/install/local_setup.zsh'
[1.036s] INFO:colcon.colcon_core.shell:Creating prefix chain script '/home/pat/dev_ws/src/pat_bot/install/setup.zsh'
