-- Install configuration: ""
-- Execute custom install script
-- Symlinking: /home/pat/dev_ws/src/pat_bot/install/pat_bot/share/pat_bot/config/drive_bot.rviz
-- Up-to-date symlink: /home/pat/dev_ws/src/pat_bot/install/pat_bot/share/pat_bot/config/empty.yaml
-- Symlinking: /home/pat/dev_ws/src/pat_bot/install/pat_bot/share/pat_bot/config/gazebo_params.yaml
-- Symlinking: /home/pat/dev_ws/src/pat_bot/install/pat_bot/share/pat_bot/config/joystick.yaml
-- Symlinking: /home/pat/dev_ws/src/pat_bot/install/pat_bot/share/pat_bot/config/main.rviz
-- Symlinking: /home/pat/dev_ws/src/pat_bot/install/pat_bot/share/pat_bot/config/mapper_params_online_async.yaml
-- Symlinking: /home/pat/dev_ws/src/pat_bot/install/pat_bot/share/pat_bot/config/my_controllers.yaml
-- Symlinking: /home/pat/dev_ws/src/pat_bot/install/pat_bot/share/pat_bot/config/twist_mux.yaml
-- Symlinking: /home/pat/dev_ws/src/pat_bot/install/pat_bot/share/pat_bot/config/view_bot.rviz
-- Symlinking: /home/pat/dev_ws/src/pat_bot/install/pat_bot/share/pat_bot/description/camera.xacro
-- Symlinking: /home/pat/dev_ws/src/pat_bot/install/pat_bot/share/pat_bot/description/depth_camera.xacro
-- Symlinking: /home/pat/dev_ws/src/pat_bot/install/pat_bot/share/pat_bot/description/gazebo_control.xacro
-- Symlinking: /home/pat/dev_ws/src/pat_bot/install/pat_bot/share/pat_bot/description/inertial_macro.xacro
-- Symlinking: /home/pat/dev_ws/src/pat_bot/install/pat_bot/share/pat_bot/description/lidar.xacro
-- Up-to-date symlink: /home/pat/dev_ws/src/pat_bot/install/pat_bot/share/pat_bot/description/robot.urdf.xacro
-- Symlinking: /home/pat/dev_ws/src/pat_bot/install/pat_bot/share/pat_bot/description/robot_core before gazebo.xacro
-- Up-to-date symlink: /home/pat/dev_ws/src/pat_bot/install/pat_bot/share/pat_bot/description/robot_core.xacro
-- Symlinking: /home/pat/dev_ws/src/pat_bot/install/pat_bot/share/pat_bot/description/ros2_control.xacro
-- Symlinking: /home/pat/dev_ws/src/pat_bot/install/pat_bot/share/pat_bot/launch/joystick.launch.py
-- Symlinking: /home/pat/dev_ws/src/pat_bot/install/pat_bot/share/pat_bot/launch/launch_sim.launch.py
-- Up-to-date symlink: /home/pat/dev_ws/src/pat_bot/install/pat_bot/share/pat_bot/launch/rsp.launch.py
-- Up-to-date symlink: /home/pat/dev_ws/src/pat_bot/install/pat_bot/share/pat_bot/worlds/empty.world
-- Symlinking: /home/pat/dev_ws/src/pat_bot/install/pat_bot/share/pat_bot/worlds/my_world.world
-- Up-to-date symlink: /home/pat/dev_ws/src/pat_bot/install/pat_bot/share/ament_index/resource_index/package_run_dependencies/pat_bot
-- Up-to-date symlink: /home/pat/dev_ws/src/pat_bot/install/pat_bot/share/ament_index/resource_index/parent_prefix_path/pat_bot
-- Up-to-date symlink: /home/pat/dev_ws/src/pat_bot/install/pat_bot/share/pat_bot/environment/ament_prefix_path.sh
-- Up-to-date symlink: /home/pat/dev_ws/src/pat_bot/install/pat_bot/share/pat_bot/environment/ament_prefix_path.dsv
-- Up-to-date symlink: /home/pat/dev_ws/src/pat_bot/install/pat_bot/share/pat_bot/environment/path.sh
-- Up-to-date symlink: /home/pat/dev_ws/src/pat_bot/install/pat_bot/share/pat_bot/environment/path.dsv
-- Up-to-date symlink: /home/pat/dev_ws/src/pat_bot/install/pat_bot/share/pat_bot/local_setup.bash
-- Up-to-date symlink: /home/pat/dev_ws/src/pat_bot/install/pat_bot/share/pat_bot/local_setup.sh
-- Up-to-date symlink: /home/pat/dev_ws/src/pat_bot/install/pat_bot/share/pat_bot/local_setup.zsh
-- Up-to-date symlink: /home/pat/dev_ws/src/pat_bot/install/pat_bot/share/pat_bot/local_setup.dsv
-- Symlinking: /home/pat/dev_ws/src/pat_bot/install/pat_bot/share/pat_bot/package.dsv
-- Up-to-date symlink: /home/pat/dev_ws/src/pat_bot/install/pat_bot/share/ament_index/resource_index/packages/pat_bot
-- Up-to-date symlink: /home/pat/dev_ws/src/pat_bot/install/pat_bot/share/pat_bot/cmake/pat_botConfig.cmake
-- Up-to-date symlink: /home/pat/dev_ws/src/pat_bot/install/pat_bot/share/pat_bot/cmake/pat_botConfig-version.cmake
-- Up-to-date symlink: /home/pat/dev_ws/src/pat_bot/install/pat_bot/share/pat_bot/package.xml
