[0.033s] Invoking command in '/home/pat/dev_ws/src/pat_bot/build/pat_bot': CMAKE_PREFIX_PATH=${CMAKE_PREFIX_PATH}:/opt/ros/foxy /usr/bin/cmake --build /home/pat/dev_ws/src/pat_bot/build/pat_bot -- -j4 -l4
[0.109s] Invoked command in '/home/pat/dev_ws/src/pat_bot/build/pat_bot' returned '0': CMAKE_PREFIX_PATH=${CMAKE_PREFIX_PATH}:/opt/ros/foxy /usr/bin/cmake --build /home/pat/dev_ws/src/pat_bot/build/pat_bot -- -j4 -l4
[0.149s] Invoking command in '/home/pat/dev_ws/src/pat_bot/build/pat_bot': CMAKE_PREFIX_PATH=${CMAKE_PREFIX_PATH}:/opt/ros/foxy /usr/bin/cmake --install /home/pat/dev_ws/src/pat_bot/build/pat_bot
[0.160s] -- Install configuration: ""
[0.161s] -- Execute custom install script
[0.162s] -- Symlinking: /home/pat/dev_ws/src/pat_bot/install/pat_bot/share/pat_bot/config/drive_bot.rviz
[0.172s] -- Up-to-date symlink: /home/pat/dev_ws/src/pat_bot/install/pat_bot/share/pat_bot/config/empty.yaml
[0.172s] -- Symlinking: /home/pat/dev_ws/src/pat_bot/install/pat_bot/share/pat_bot/config/gazebo_params.yaml
[0.181s] -- Symlinking: /home/pat/dev_ws/src/pat_bot/install/pat_bot/share/pat_bot/config/joystick.yaml
[0.191s] -- Symlinking: /home/pat/dev_ws/src/pat_bot/install/pat_bot/share/pat_bot/config/main.rviz
[0.200s] -- Symlinking: /home/pat/dev_ws/src/pat_bot/install/pat_bot/share/pat_bot/config/mapper_params_online_async.yaml
[0.209s] -- Symlinking: /home/pat/dev_ws/src/pat_bot/install/pat_bot/share/pat_bot/config/my_controllers.yaml
[0.218s] -- Symlinking: /home/pat/dev_ws/src/pat_bot/install/pat_bot/share/pat_bot/config/twist_mux.yaml
[0.229s] -- Symlinking: /home/pat/dev_ws/src/pat_bot/install/pat_bot/share/pat_bot/config/view_bot.rviz
[0.238s] -- Symlinking: /home/pat/dev_ws/src/pat_bot/install/pat_bot/share/pat_bot/description/camera.xacro
[0.248s] -- Symlinking: /home/pat/dev_ws/src/pat_bot/install/pat_bot/share/pat_bot/description/depth_camera.xacro
[0.257s] -- Symlinking: /home/pat/dev_ws/src/pat_bot/install/pat_bot/share/pat_bot/description/gazebo_control.xacro
[0.266s] -- Symlinking: /home/pat/dev_ws/src/pat_bot/install/pat_bot/share/pat_bot/description/inertial_macro.xacro
[0.275s] -- Symlinking: /home/pat/dev_ws/src/pat_bot/install/pat_bot/share/pat_bot/description/lidar.xacro
[0.285s] -- Up-to-date symlink: /home/pat/dev_ws/src/pat_bot/install/pat_bot/share/pat_bot/description/robot.urdf.xacro
[0.285s] -- Symlinking: /home/pat/dev_ws/src/pat_bot/install/pat_bot/share/pat_bot/description/robot_core before gazebo.xacro
[0.295s] -- Up-to-date symlink: /home/pat/dev_ws/src/pat_bot/install/pat_bot/share/pat_bot/description/robot_core.xacro
[0.295s] -- Symlinking: /home/pat/dev_ws/src/pat_bot/install/pat_bot/share/pat_bot/description/ros2_control.xacro
[0.305s] -- Symlinking: /home/pat/dev_ws/src/pat_bot/install/pat_bot/share/pat_bot/launch/joystick.launch.py
[0.314s] -- Symlinking: /home/pat/dev_ws/src/pat_bot/install/pat_bot/share/pat_bot/launch/launch_sim.launch.py
[0.324s] -- Up-to-date symlink: /home/pat/dev_ws/src/pat_bot/install/pat_bot/share/pat_bot/launch/rsp.launch.py
[0.324s] -- Up-to-date symlink: /home/pat/dev_ws/src/pat_bot/install/pat_bot/share/pat_bot/worlds/empty.world
[0.324s] -- Symlinking: /home/pat/dev_ws/src/pat_bot/install/pat_bot/share/pat_bot/worlds/my_world.world
[0.335s] -- Up-to-date symlink: /home/pat/dev_ws/src/pat_bot/install/pat_bot/share/ament_index/resource_index/package_run_dependencies/pat_bot
[0.335s] -- Up-to-date symlink: /home/pat/dev_ws/src/pat_bot/install/pat_bot/share/ament_index/resource_index/parent_prefix_path/pat_bot
[0.336s] -- Up-to-date symlink: /home/pat/dev_ws/src/pat_bot/install/pat_bot/share/pat_bot/environment/ament_prefix_path.sh
[0.336s] -- Up-to-date symlink: /home/pat/dev_ws/src/pat_bot/install/pat_bot/share/pat_bot/environment/ament_prefix_path.dsv
[0.336s] -- Up-to-date symlink: /home/pat/dev_ws/src/pat_bot/install/pat_bot/share/pat_bot/environment/path.sh
[0.337s] -- Up-to-date symlink: /home/pat/dev_ws/src/pat_bot/install/pat_bot/share/pat_bot/environment/path.dsv
[0.337s] -- Up-to-date symlink: /home/pat/dev_ws/src/pat_bot/install/pat_bot/share/pat_bot/local_setup.bash
[0.337s] -- Up-to-date symlink: /home/pat/dev_ws/src/pat_bot/install/pat_bot/share/pat_bot/local_setup.sh
[0.338s] -- Up-to-date symlink: /home/pat/dev_ws/src/pat_bot/install/pat_bot/share/pat_bot/local_setup.zsh
[0.338s] -- Up-to-date symlink: /home/pat/dev_ws/src/pat_bot/install/pat_bot/share/pat_bot/local_setup.dsv
[0.338s] -- Symlinking: /home/pat/dev_ws/src/pat_bot/install/pat_bot/share/pat_bot/package.dsv
[0.348s] -- Up-to-date symlink: /home/pat/dev_ws/src/pat_bot/install/pat_bot/share/ament_index/resource_index/packages/pat_bot
[0.349s] -- Up-to-date symlink: /home/pat/dev_ws/src/pat_bot/install/pat_bot/share/pat_bot/cmake/pat_botConfig.cmake
[0.349s] -- Up-to-date symlink: /home/pat/dev_ws/src/pat_bot/install/pat_bot/share/pat_bot/cmake/pat_botConfig-version.cmake
[0.349s] -- Up-to-date symlink: /home/pat/dev_ws/src/pat_bot/install/pat_bot/share/pat_bot/package.xml
[0.352s] Invoked command in '/home/pat/dev_ws/src/pat_bot/build/pat_bot' returned '0': CMAKE_PREFIX_PATH=${CMAKE_PREFIX_PATH}:/opt/ros/foxy /usr/bin/cmake --install /home/pat/dev_ws/src/pat_bot/build/pat_bot
